<?xml version="1.0" encoding="UTF-8"?>
<testsuite xmlns:xsi="http://www.w3.org/2001/XMLSchema-instance" xsi:noNamespaceSchemaLocation="https://maven.apache.org/surefire/maven-surefire-plugin/xsd/surefire-test-report-3.0.xsd" version="3.0" name="examples.ExamplesTest" time="6.215" tests="1" errors="0" skipped="0" failures="1">
  <properties>
[...]
</properties>
  <testcase name="testParallel" classname="examples.ExamplesTest" time="6.183">
    <failure message="status code was: 404, expected: 201, response time in milliseconds: 99, url: http://localhost:3000/pets/pets, response: &#10;&lt;!DOCTYPE html&gt;&#10;&lt;html lang=&quot;en&quot;&gt;&#10;&lt;head&gt;&#10;&lt;meta charset=&quot;utf-8&quot;&gt;&#10;&lt;title&gt;Error&lt;/title&gt;&#10;&lt;/head&gt;&#10;&lt;body&gt;&#10;&lt;pre&gt;Cannot POST /pets/pets&lt;/pre&gt;&#10;&lt;/body&gt;&#10;&lt;/html&gt;&#10;&#10;classpath:examples/pets/pets.feature:70 ==&gt; expected: &lt;0&gt; but was: &lt;1&gt;" type="org.opentest4j.AssertionFailedError"><![CDATA[org.opentest4j.AssertionFailedError: 
status code was: 404, expected: 201, response time in milliseconds: 99, url: http://localhost:3000/pets/pets, response: 
<!DOCTYPE html>
<html lang="en">
<head>
<meta charset="utf-8">
<title>Error</title>
</head>
<body>
<pre>Cannot POST /pets/pets</pre>
</body>
</html>

classpath:examples/pets/pets.feature:70 ==> expected: <0> but was: <1>
	at org.junit.jupiter.api.AssertionFailureBuilder.build(AssertionFailureBuilder.java:151)
	at org.junit.jupiter.api.AssertionFailureBuilder.buildAndThrow(AssertionFailureBuilder.java:132)
	at org.junit.jupiter.api.AssertEquals.failNotEqual(AssertEquals.java:197)
	at org.junit.jupiter.api.AssertEquals.assertEquals(AssertEquals.java:150)
	at org.junit.jupiter.api.Assertions.assertEquals(Assertions.java:563)
	at examples.ExamplesTest.testParallel(ExamplesTest.java:15)
	at java.base/java.lang.reflect.Method.invoke(Method.java:580)
	at java.base/java.util.ArrayList.forEach(ArrayList.java:1596)
	at java.base/java.util.ArrayList.forEach(ArrayList.java:1596)
]]></failure>
    <system-out><![CDATA[10:41:58.447 [main] DEBUG com.intuit.karate.Suite - [config] classpath:karate-config.js
10:41:58.458 [main] INFO  com.intuit.karate.Suite - backed up existing 'target\karate-reports' dir to: target\karate-reports_1773848518455
10:41:58.464 [main] DEBUG com.intuit.karate.Suite - waiting for 2 features to complete
10:42:00.021 [pool-2-thread-5] INFO  com.intuit.karate - karate.env system property was: null 
10:42:00.021 [pool-2-thread-1] INFO  com.intuit.karate - karate.env system property was: null 
10:42:00.021 [pool-2-thread-2] INFO  com.intuit.karate - karate.env system property was: null 
10:42:00.021 [pool-2-thread-4] INFO  com.intuit.karate - karate.env system property was: null 
10:42:00.021 [pool-2-thread-3] INFO  com.intuit.karate - karate.env system property was: null 
10:42:00.566 [pool-2-thread-2] DEBUG com.intuit.karate - request:
1 > GET http://localhost:3000/protected-basic
1 > Authorization: Basic YWRtaW46cGFzc3dvcmQxMjM0
1 > Host: localhost:3000
1 > Connection: Keep-Alive
1 > User-Agent: Apache-HttpClient/4.5.14 (Java/21.0.10)
1 > Accept-Encoding: gzip,deflate


10:42:00.567 [pool-2-thread-3] DEBUG com.intuit.karate - request:
1 > POST http://localhost:3000/login
1 > Content-Type: application/json; charset=UTF-8
1 > Content-Length: 25
1 > Host: localhost:3000
1 > Connection: Keep-Alive
1 > User-Agent: Apache-HttpClient/4.5.14 (Java/21.0.10)
1 > Accept-Encoding: gzip,deflate
{"username":"automation"}

10:42:00.567 [pool-2-thread-1] DEBUG com.intuit.karate - request:
1 > GET http://localhost:3000/protected-basic
1 > Authorization: Basic YWRtaW46cGFzc3dvcmQxMjM=
1 > Host: localhost:3000
1 > Connection: Keep-Alive
1 > User-Agent: Apache-HttpClient/4.5.14 (Java/21.0.10)
1 > Accept-Encoding: gzip,deflate


10:42:00.567 [pool-2-thread-5] DEBUG com.intuit.karate - request:
1 > POST http://localhost:3000/pets
1 > Content-Type: application/json; charset=UTF-8
1 > Content-Length: 40
1 > Host: localhost:3000
1 > Connection: Keep-Alive
1 > User-Agent: Apache-HttpClient/4.5.14 (Java/21.0.10)
1 > Accept-Encoding: gzip,deflate
{"name":"Bingo3","type":"Perro","age":1}

10:42:00.567 [pool-2-thread-4] DEBUG com.intuit.karate - request:
1 > POST http://localhost:3000/pets
1 > Content-Type: application/json; charset=UTF-8
1 > Content-Length: 40
1 > Host: localhost:3000
1 > Connection: Keep-Alive
1 > User-Agent: Apache-HttpClient/4.5.14 (Java/21.0.10)
1 > Accept-Encoding: gzip,deflate
{"name":"Bingo3","type":"Perro","age":1}

10:42:00.680 [pool-2-thread-1] DEBUG com.intuit.karate - response time in milliseconds: 109
1 < 200
1 < X-Powered-By: Express
1 < Content-Type: text/html; charset=utf-8
1 < Content-Length: 52
1 < ETag: W/"34-5hLxTCL454xXrj8Ihw5i3VJ+tlg"
1 < Date: Wed, 18 Mar 2026 15:42:00 GMT
1 < Connection: keep-alive
1 < Keep-Alive: timeout=5
Hello admin, you have accessed a protected endpoint!

10:42:00.705 [pool-2-thread-1] INFO  com.intuit.karate - karate.env system property was: null 
10:42:00.713 [pool-2-thread-4] DEBUG com.intuit.karate - response time in milliseconds: 146
1 < 201
1 < X-Powered-By: Express
1 < Content-Type: application/json; charset=utf-8
1 < Content-Length: 111
1 < ETag: W/"6f-IbW2t/Dd94Kg9zEHEVEEi05AFz8"
1 < Date: Wed, 18 Mar 2026 15:42:00 GMT
1 < Connection: keep-alive
1 < Keep-Alive: timeout=5
{"status":"success","message":"Pet created","data":{"id":1773848520697,"name":"Bingo3","type":"Perro","age":1}}

10:42:00.717 [pool-2-thread-1] DEBUG com.intuit.karate - request:
1 > POST http://localhost:3000/pets
1 > Content-Type: application/json; charset=UTF-8
1 > Content-Length: 40
1 > Host: localhost:3000
1 > Connection: Keep-Alive
1 > User-Agent: Apache-HttpClient/4.5.14 (Java/21.0.10)
1 > Accept-Encoding: gzip,deflate
{"name":"Bingo3","type":"Perro","age":1}

10:42:00.724 [pool-2-thread-2] DEBUG com.intuit.karate - response time in milliseconds: 157
1 < 401
1 < X-Powered-By: Express
1 < WWW-Authenticate: Basic realm="example"
1 < Content-Type: text/plain; charset=utf-8
1 < Content-Length: 12
1 < ETag: W/"c-dAuDFQrdjS3hezqxDTNgW7AOlYk"
1 < Date: Wed, 18 Mar 2026 15:42:00 GMT
1 < Connection: keep-alive
1 < Keep-Alive: timeout=5
Unauthorized

10:42:00.738 [pool-2-thread-2] INFO  com.intuit.karate - karate.env system property was: null 
10:42:00.746 [pool-2-thread-2] DEBUG com.intuit.karate - request:
1 > POST http://localhost:3000/pets
1 > Content-Type: application/json; charset=UTF-8
1 > Content-Length: 40
1 > Host: localhost:3000
1 > Connection: Keep-Alive
1 > User-Agent: Apache-HttpClient/4.5.14 (Java/21.0.10)
1 > Accept-Encoding: gzip,deflate
{"name":"Bingo3","type":"Perro","age":1}

10:42:00.753 [pool-2-thread-4] INFO  com.intuit.karate - karate.env system property was: null 
10:42:00.759 [pool-2-thread-5] DEBUG com.intuit.karate - response time in milliseconds: 191
1 < 201
1 < X-Powered-By: Express
1 < Content-Type: application/json; charset=utf-8
1 < Content-Length: 111
1 < ETag: W/"6f-34Pi6A4eJyCVd+EJz1Rr1B6Bl28"
1 < Date: Wed, 18 Mar 2026 15:42:00 GMT
1 < Connection: keep-alive
1 < Keep-Alive: timeout=5
{"status":"success","message":"Pet created","data":{"id":1773848520748,"name":"Bingo3","type":"Perro","age":1}}

10:42:00.760 [pool-2-thread-4] DEBUG com.intuit.karate - request:
1 > POST http://localhost:3000/pets/pets
1 > Content-Type: application/json; charset=UTF-8
1 > Content-Length: 40
1 > Host: localhost:3000
1 > Connection: Keep-Alive
1 > User-Agent: Apache-HttpClient/4.5.14 (Java/21.0.10)
1 > Accept-Encoding: gzip,deflate
{"name":"Bingo3","type":"Perro","age":1}

10:42:00.779 [pool-2-thread-5] DEBUG com.intuit.karate - request:
2 > GET http://localhost:3000/pets/1773848520748
2 > Host: localhost:3000
2 > Connection: Keep-Alive
2 > User-Agent: Apache-HttpClient/4.5.14 (Java/21.0.10)
2 > Accept-Encoding: gzip,deflate


10:42:00.793 [pool-2-thread-3] DEBUG com.intuit.karate - response time in milliseconds: 225
1 < 200
1 < X-Powered-By: Express
1 < Content-Type: application/json; charset=utf-8
1 < Content-Length: 206
1 < ETag: W/"ce-XoyIRavnR45zlojOrBzH5q+hbzM"
1 < Date: Wed, 18 Mar 2026 15:42:00 GMT
1 < Connection: keep-alive
1 < Keep-Alive: timeout=5
{"status":"success","message":"Token generated","data":{"accessToken":"eyJhbGciOiJIUzI1NiIsInR5cCI6IkpXVCJ9.eyJuYW1lIjoiYXV0b21hdGlvbiIsImlhdCI6MTc3Mzg0ODUyMH0.OZR2aibToOGopg3qu-OEUhpl45IjpmEai28I_bXghQk"}}

10:42:00.818 [pool-2-thread-1] DEBUG com.intuit.karate - response time in milliseconds: 101
1 < 201
1 < X-Powered-By: Express
1 < Content-Type: application/json; charset=utf-8
1 < Content-Length: 111
1 < ETag: W/"6f-CHqnqRmiG7XsmWGEvRXJhYZGD4o"
1 < Date: Wed, 18 Mar 2026 15:42:00 GMT
1 < Connection: keep-alive
1 < Keep-Alive: timeout=5
{"status":"success","message":"Pet created","data":{"id":1773848520811,"name":"Bingo3","type":"Perro","age":1}}

10:42:00.836 [pool-2-thread-1] DEBUG com.intuit.karate - request:
2 > PUT http://localhost:3000/pets/1773848520811
2 > Content-Type: application/json; charset=UTF-8
2 > Content-Length: 40
2 > Host: localhost:3000
2 > Connection: Keep-Alive
2 > User-Agent: Apache-HttpClient/4.5.14 (Java/21.0.10)
2 > Accept-Encoding: gzip,deflate
{"name":"Bingo8","type":"Gato","age":10}

10:42:00.857 [pool-2-thread-2] DEBUG com.intuit.karate - response time in milliseconds: 110
1 < 201
1 < X-Powered-By: Express
1 < Content-Type: application/json; charset=utf-8
1 < Content-Length: 111
1 < ETag: W/"6f-JHSMjNPfISlHOl7f22Av2+SqNo8"
1 < Date: Wed, 18 Mar 2026 15:42:00 GMT
1 < Connection: keep-alive
1 < Keep-Alive: timeout=5
{"status":"success","message":"Pet created","data":{"id":1773848520847,"name":"Bingo3","type":"Perro","age":1}}

10:42:00.860 [pool-2-thread-4] DEBUG com.intuit.karate - response time in milliseconds: 99
1 < 404
1 < X-Powered-By: Express
1 < Content-Security-Policy: default-src 'none'
1 < X-Content-Type-Options: nosniff
1 < Content-Type: text/html; charset=utf-8
1 < Content-Length: 149
1 < Date: Wed, 18 Mar 2026 15:42:00 GMT
1 < Connection: keep-alive
1 < Keep-Alive: timeout=5
<!DOCTYPE html>
<html lang="en">
<head>
<meta charset="utf-8">
<title>Error</title>
</head>
<body>
<pre>Cannot POST /pets/pets</pre>
</body>
</html>


10:42:00.865 [pool-2-thread-2] DEBUG com.intuit.karate - request:
2 > PATCH http://localhost:3000/pets/1773848520847
2 > Content-Type: application/json; charset=UTF-8
2 > Content-Length: 16
2 > Host: localhost:3000
2 > Connection: Keep-Alive
2 > User-Agent: Apache-HttpClient/4.5.14 (Java/21.0.10)
2 > Accept-Encoding: gzip,deflate
{"name":"Lazzy"}

10:42:00.873 [pool-2-thread-4] ERROR com.intuit.karate - classpath:examples/pets/pets.feature:70
Then status 201
status code was: 404, expected: 201, response time in milliseconds: 99, url: http://localhost:3000/pets/pets, response: 
<!DOCTYPE html>
<html lang="en">
<head>
<meta charset="utf-8">
<title>Error</title>
</head>
<body>
<pre>Cannot POST /pets/pets</pre>
</body>
</html>

classpath:examples/pets/pets.feature:70
10:42:00.928 [pool-2-thread-5] DEBUG com.intuit.karate - response time in milliseconds: 148
2 < 200
2 < X-Powered-By: Express
2 < Content-Type: application/json; charset=utf-8
2 < Content-Length: 109
2 < ETag: W/"6d-WZc47GTTpsorjMWg0hyIcFtmyog"
2 < Date: Wed, 18 Mar 2026 15:42:00 GMT
2 < Connection: keep-alive
2 < Keep-Alive: timeout=5
{"status":"success","message":"Pet found","data":{"id":1773848520748,"name":"Bingo3","type":"Perro","age":1}}

10:42:00.972 [pool-2-thread-1] DEBUG com.intuit.karate - response time in milliseconds: 135
2 < 200
2 < X-Powered-By: Express
2 < Content-Type: application/json; charset=utf-8
2 < Content-Length: 111
2 < ETag: W/"6f-h0Vp7C1+KNRskfH1uqRt+9NxpUk"
2 < Date: Wed, 18 Mar 2026 15:42:00 GMT
2 < Connection: keep-alive
2 < Keep-Alive: timeout=5
{"status":"success","message":"Pet updated","data":{"id":1773848520811,"name":"Bingo8","type":"Gato","age":10}}

10:42:00.995 [pool-2-thread-2] DEBUG com.intuit.karate - response time in milliseconds: 130
2 < 200
2 < X-Powered-By: Express
2 < Content-Type: application/json; charset=utf-8
2 < Content-Length: 123
2 < ETag: W/"7b-McZvV6j0+INJtSV3F/Kb90g7/HY"
2 < Date: Wed, 18 Mar 2026 15:42:00 GMT
2 < Connection: keep-alive
2 < Keep-Alive: timeout=5
{"status":"success","message":"Pet updated successfully","data":{"id":1773848520847,"name":"Lazzy","type":"Perro","age":1}}

---------------------------------------------------------
feature: classpath:examples/authentication/authentication.feature
scenarios:  3 | passed:  3 | failed:  0 | time: 1,9055
---------------------------------------------------------

10:42:01.771 [pool-3-thread-1] INFO  com.intuit.karate.Suite - <<pass>> feature 1 of 2 (1 remaining) classpath:examples/authentication/authentication.feature
---------------------------------------------------------
feature: classpath:examples/pets/pets.feature
scenarios:  5 | passed:  4 | failed:  1 | time: 2,1083
---------------------------------------------------------

10:42:02.018 [pool-3-thread-1] INFO  com.intuit.karate.Suite - <<fail>> feature 2 of 2 (0 remaining) classpath:examples/pets/pets.feature
Karate version: 1.5.0
======================================================
elapsed:   5,53 | threads:    5 | thread time: 4,01 
features:     2 | skipped:    0 | efficiency: 0,15
scenarios:    8 | passed:     7 | failed: 1
======================================================
>>> failed features:
status code was: 404, expected: 201, response time in milliseconds: 99, url: http://localhost:3000/pets/pets, response: 
<!DOCTYPE html>
<html lang="en">
<head>
<meta charset="utf-8">
<title>Error</title>
</head>
<body>
<pre>Cannot POST /pets/pets</pre>
</body>
</html>

classpath:examples/pets/pets.feature:70
<<<

HTML report: (paste into browser to view) | Karate version: 1.5.0
file:///C:/Users/jhonatan.quintana/Documents/karate/api-karate-test-automation/target/karate-reports/karate-summary.html
===================================================================

]]></system-out>
  </testcase>
</testsuite>